# JRE version: Java(TM) SE Runtime Environment (8.0_91-b14) (build 1.8.0_91-b14)
# Java VM: Java HotSpot(TM) 64-Bit Server VM (25.91-b14 mixed mode linux-amd64 compressed oops)
Heap:
 PSYoungGen      total 569856K, used 30034K [0x000000076ab00000, 0x00000007ab480000, 0x00000007c0000000)
  eden space 103936K, 0% used [0x000000076ab00000,0x000000076ab00000,0x0000000771080000)
  from space 465920K, 6% used [0x0000000771080000,0x0000000772dd4818,0x000000078d780000)
  to   space 465920K, 0% used [0x000000078ed80000,0x000000078ed80000,0x00000007ab480000)
 ParOldGen       total 2153472K, used 2153361K [0x00000006c0000000, 0x0000000743700000, 0x000000076ab00000)
  object space 2153472K, 99% used [0x00000006c0000000,0x00000007436e4490,0x0000000743700000)
 Metaspace       used 3337K, capacity 4570K, committed 4864K, reserved 1056768K
  class space    used 353K, capacity 389K, committed 512K, reserved 1048576K
GC Heap History (10 events):
Event: 43.692 GC heap after
Heap after GC invocations=35 (full 8):
 PSYoungGen      total 484864K, used 322944K [0x000000076ab00000, 0x00000007a4680000, 0x00000007c0000000)
  eden space 103424K, 0% used [0x000000076ab00000,0x000000076ab00000,0x0000000771000000)
  from space 381440K, 84% used [0x0000000771000000,0x0000000784b60010,0x0000000788480000)
  to   space 412672K, 0% used [0x000000078b380000,0x000000078b380000,0x00000007a4680000)
 ParOldGen       total 2153472K, used 1898979K [0x00000006c0000000, 0x0000000743700000, 0x000000076ab00000)
  object space 2153472K, 88% used [0x00000006c0000000,0x0000000733e78ff0,0x0000000743700000)
 Metaspace       used 3337K, capacity 4570K, committed 4864K, reserved 1056768K
  class space    used 353K, capacity 389K, committed 512K, reserved 1048576K
}
Event: 43.964 GC heap before
{Heap before GC invocations=36 (full 8):
 PSYoungGen      total 484864K, used 426368K [0x000000076ab00000, 0x00000007a4680000, 0x00000007c0000000)
  eden space 103424K, 100% used [0x000000076ab00000,0x0000000771000000,0x0000000771000000)
  from space 381440K, 84% used [0x0000000771000000,0x0000000784b60010,0x0000000788480000)
  to   space 412672K, 0% used [0x000000078b380000,0x000000078b380000,0x00000007a4680000)
 ParOldGen       total 2153472K, used 1898979K [0x00000006c0000000, 0x0000000743700000, 0x000000076ab00000)
  object space 2153472K, 88% used [0x00000006c0000000,0x0000000733e78ff0,0x0000000743700000)
 Metaspace       used 3337K, capacity 4570K, committed 4864K, reserved 1056768K
  class space    used 353K, capacity 389K, committed 512K, reserved 1048576K
Event: 44.931 GC heap after
Heap after GC invocations=36 (full 8):
 PSYoungGen      total 499712K, used 346976K [0x000000076ab00000, 0x00000007a8980000, 0x00000007c0000000)
  eden space 87040K, 0% used [0x000000076ab00000,0x000000076ab00000,0x0000000770000000)
  from space 412672K, 84% used [0x000000078b380000,0x00000007a0658010,0x00000007a4680000)
  to   space 445952K, 0% used [0x0000000770000000,0x0000000770000000,0x000000078b380000)
 ParOldGen       total 2153472K, used 1898979K [0x00000006c0000000, 0x0000000743700000, 0x000000076ab00000)
  object space 2153472K, 88% used [0x00000006c0000000,0x0000000733e78ff0,0x0000000743700000)
 Metaspace       used 3337K, capacity 4570K, committed 4864K, reserved 1056768K
  class space    used 353K, capacity 389K, committed 512K, reserved 1048576K
}
Event: 45.196 GC heap before
{Heap before GC invocations=37 (full 8):
 PSYoungGen      total 499712K, used 434016K [0x000000076ab00000, 0x00000007a8980000, 0x00000007c0000000)
  eden space 87040K, 100% used [0x000000076ab00000,0x0000000770000000,0x0000000770000000)
  from space 412672K, 84% used [0x000000078b380000,0x00000007a0658010,0x00000007a4680000)
  to   space 445952K, 0% used [0x0000000770000000,0x0000000770000000,0x000000078b380000)
 ParOldGen       total 2153472K, used 1898979K [0x00000006c0000000, 0x0000000743700000, 0x000000076ab00000)
  object space 2153472K, 88% used [0x00000006c0000000,0x0000000733e78ff0,0x0000000743700000)
 Metaspace       used 3337K, capacity 4570K, committed 4864K, reserved 1056768K
  class space    used 353K, capacity 389K, committed 512K, reserved 1048576K
Event: 46.143 GC heap after
Heap after GC invocations=37 (full 8):
 PSYoungGen      total 532992K, used 367136K [0x000000076ab00000, 0x00000007a9e80000, 0x00000007c0000000)
  eden space 87040K, 0% used [0x000000076ab00000,0x000000076ab00000,0x0000000770000000)
  from space 445952K, 82% used [0x0000000770000000,0x0000000786688010,0x000000078b380000)
  to   space 465920K, 0% used [0x000000078d780000,0x000000078d780000,0x00000007a9e80000)
 ParOldGen       total 2153472K, used 1898979K [0x00000006c0000000, 0x0000000743700000, 0x000000076ab00000)
  object space 2153472K, 88% used [0x00000006c0000000,0x0000000733e78ff0,0x0000000743700000)
 Metaspace       used 3337K, capacity 4570K, committed 4864K, reserved 1056768K
  class space    used 353K, capacity 389K, committed 512K, reserved 1048576K
}
Event: 46.346 GC heap before
{Heap before GC invocations=38 (full 8):
 PSYoungGen      total 532992K, used 454176K [0x000000076ab00000, 0x00000007a9e80000, 0x00000007c0000000)
  eden space 87040K, 100% used [0x000000076ab00000,0x0000000770000000,0x0000000770000000)
  from space 445952K, 82% used [0x0000000770000000,0x0000000786688010,0x000000078b380000)
  to   space 465920K, 0% used [0x000000078d780000,0x000000078d780000,0x00000007a9e80000)
 ParOldGen       total 2153472K, used 1898979K [0x00000006c0000000, 0x0000000743700000, 0x000000076ab00000)
  object space 2153472K, 88% used [0x00000006c0000000,0x0000000733e78ff0,0x0000000743700000)
 Metaspace       used 3337K, capacity 4570K, committed 4864K, reserved 1056768K
  class space    used 353K, capacity 389K, committed 512K, reserved 1048576K
Event: 47.329 GC heap after
Heap after GC invocations=38 (full 8):
 PSYoungGen      total 569856K, used 339968K [0x000000076ab00000, 0x00000007aa000000, 0x00000007c0000000)
  eden space 103936K, 0% used [0x000000076ab00000,0x000000076ab00000,0x0000000771080000)
  from space 465920K, 72% used [0x000000078d780000,0x00000007a2380010,0x00000007a9e80000)
  to   space 465920K, 0% used [0x0000000771080000,0x0000000771080000,0x000000078d780000)
 ParOldGen       total 2153472K, used 1946443K [0x00000006c0000000, 0x0000000743700000, 0x000000076ab00000)
  object space 2153472K, 90% used [0x00000006c0000000,0x0000000736cd2ff0,0x0000000743700000)
 Metaspace       used 3337K, capacity 4570K, committed 4864K, reserved 1056768K
  class space    used 353K, capacity 389K, committed 512K, reserved 1048576K
}
Event: 47.579 GC heap before
{Heap before GC invocations=39 (full 8):
 PSYoungGen      total 569856K, used 443904K [0x000000076ab00000, 0x00000007aa000000, 0x00000007c0000000)
  eden space 103936K, 100% used [0x000000076ab00000,0x0000000771080000,0x0000000771080000)
  from space 465920K, 72% used [0x000000078d780000,0x00000007a2380010,0x00000007a9e80000)
  to   space 465920K, 0% used [0x0000000771080000,0x0000000771080000,0x000000078d780000)
 ParOldGen       total 2153472K, used 1946443K [0x00000006c0000000, 0x0000000743700000, 0x000000076ab00000)
  object space 2153472K, 90% used [0x00000006c0000000,0x0000000736cd2ff0,0x0000000743700000)
 Metaspace       used 3337K, capacity 4570K, committed 4864K, reserved 1056768K
  class space    used 353K, capacity 389K, committed 512K, reserved 1048576K
Event: 48.378 GC heap after
Heap after GC invocations=39 (full 8):
 PSYoungGen      total 569856K, used 180672K [0x000000076ab00000, 0x00000007ab480000, 0x00000007c0000000)
  eden space 103936K, 0% used [0x000000076ab00000,0x000000076ab00000,0x0000000771080000)
  from space 465920K, 38% used [0x0000000771080000,0x000000077c0f0010,0x000000078d780000)
  to   space 465920K, 0% used [0x000000078ed80000,0x000000078ed80000,0x00000007ab480000)
 ParOldGen       total 2153472K, used 2128499K [0x00000006c0000000, 0x0000000743700000, 0x000000076ab00000)
  object space 2153472K, 98% used [0x00000006c0000000,0x0000000741e9cff0,0x0000000743700000)
 Metaspace       used 3337K, capacity 4570K, committed 4864K, reserved 1056768K
  class space    used 353K, capacity 389K, committed 512K, reserved 1048576K
}
Event: 48.378 GC heap before
{Heap before GC invocations=40 (full 9):
 PSYoungGen      total 569856K, used 180672K [0x000000076ab00000, 0x00000007ab480000, 0x00000007c0000000)
  eden space 103936K, 0% used [0x000000076ab00000,0x000000076ab00000,0x0000000771080000)
  from space 465920K, 38% used [0x0000000771080000,0x000000077c0f0010,0x000000078d780000)
  to   space 465920K, 0% used [0x000000078ed80000,0x000000078ed80000,0x00000007ab480000)
 ParOldGen       total 2153472K, used 2128499K [0x00000006c0000000, 0x0000000743700000, 0x000000076ab00000)
  object space 2153472K, 98% used [0x00000006c0000000,0x0000000741e9cff0,0x0000000743700000)
 Metaspace       used 3337K, capacity 4570K, committed 4864K, reserved 1056768K
  class space    used 353K, capacity 389K, committed 512K, reserved 1048576K

