# JRE version: Java(TM) SE Runtime Environment (8.0_91-b14) (build 1.8.0_91-b14)
# Java VM: Java HotSpot(TM) 64-Bit Server VM (25.91-b14 mixed mode linux-amd64 compressed oops)
Heap:
 PSYoungGen      total 361984K, used 71447K [0x0000000780000000, 0x00000007a5800000, 0x00000007c0000000)
  eden space 185344K, 0% used [0x0000000780000000,0x0000000780000000,0x000000078b500000)
  from space 176640K, 40% used [0x0000000797b00000,0x000000079c0c5fb8,0x00000007a2780000)
  to   space 202752K, 0% used [0x000000078b500000,0x000000078b500000,0x0000000797b00000)
 ParOldGen       total 752640K, used 752413K [0x0000000700000000, 0x000000072df00000, 0x0000000780000000)
  object space 752640K, 99% used [0x0000000700000000,0x000000072dec7500,0x000000072df00000)
 Metaspace       used 2871K, capacity 4562K, committed 4864K, reserved 1056768K
  class space    used 310K, capacity 386K, committed 512K, reserved 1048576K
GC Heap History (10 events):
Event: 13.099 GC heap after
Heap after GC invocations=12 (full 5):
 PSYoungGen      total 210432K, used 67177K [0x0000000780000000, 0x000000079c100000, 0x00000007c0000000)
  eden space 100864K, 66% used [0x0000000780000000,0x000000078419a678,0x0000000786280000)
  from space 109568K, 0% used [0x0000000786280000,0x0000000786280000,0x000000078cd80000)
  to   space 148992K, 0% used [0x0000000792f80000,0x0000000792f80000,0x000000079c100000)
 ParOldGen       total 547328K, used 356126K [0x0000000700000000, 0x0000000721680000, 0x0000000780000000)
  object space 547328K, 65% used [0x0000000700000000,0x0000000715bc7a18,0x0000000721680000)
 Metaspace       used 2871K, capacity 4562K, committed 4864K, reserved 1056768K
  class space    used 310K, capacity 386K, committed 512K, reserved 1048576K
}
Event: 13.395 GC heap before
{Heap before GC invocations=13 (full 5):
 PSYoungGen      total 210432K, used 100864K [0x0000000780000000, 0x000000079c100000, 0x00000007c0000000)
  eden space 100864K, 100% used [0x0000000780000000,0x0000000786280000,0x0000000786280000)
  from space 109568K, 0% used [0x0000000786280000,0x0000000786280000,0x000000078cd80000)
  to   space 148992K, 0% used [0x0000000792f80000,0x0000000792f80000,0x000000079c100000)
 ParOldGen       total 547328K, used 356126K [0x0000000700000000, 0x0000000721680000, 0x0000000780000000)
  object space 547328K, 65% used [0x0000000700000000,0x0000000715bc7a18,0x0000000721680000)
 Metaspace       used 2871K, capacity 4562K, committed 4864K, reserved 1056768K
  class space    used 310K, capacity 386K, committed 512K, reserved 1048576K
Event: 21.941 GC heap after
Heap after GC invocations=13 (full 5):
 PSYoungGen      total 305152K, used 100992K [0x0000000780000000, 0x000000079ce00000, 0x00000007c0000000)
  eden space 156160K, 0% used [0x0000000780000000,0x0000000780000000,0x0000000789880000)
  from space 148992K, 67% used [0x0000000792f80000,0x0000000799220000,0x000000079c100000)
  to   space 154624K, 0% used [0x0000000789880000,0x0000000789880000,0x0000000792f80000)
 ParOldGen       total 547328K, used 356126K [0x0000000700000000, 0x0000000721680000, 0x0000000780000000)
  object space 547328K, 65% used [0x0000000700000000,0x0000000715bc7a18,0x0000000721680000)
 Metaspace       used 2871K, capacity 4562K, committed 4864K, reserved 1056768K
  class space    used 310K, capacity 386K, committed 512K, reserved 1048576K
}
Event: 26.245 GC heap before
{Heap before GC invocations=14 (full 6):
 PSYoungGen      total 305152K, used 257152K [0x0000000780000000, 0x000000079ce00000, 0x00000007c0000000)
  eden space 156160K, 100% used [0x0000000780000000,0x0000000789880000,0x0000000789880000)
  from space 148992K, 67% used [0x0000000792f80000,0x0000000799220000,0x000000079c100000)
  to   space 154624K, 0% used [0x0000000789880000,0x0000000789880000,0x0000000792f80000)
 ParOldGen       total 547328K, used 477812K [0x0000000700000000, 0x0000000721680000, 0x0000000780000000)
  object space 547328K, 87% used [0x0000000700000000,0x000000071d29d1b8,0x0000000721680000)
 Metaspace       used 2871K, capacity 4562K, committed 4864K, reserved 1056768K
  class space    used 310K, capacity 386K, committed 512K, reserved 1048576K
Event: 34.232 GC heap after
Heap after GC invocations=14 (full 6):
 PSYoungGen      total 305152K, used 106495K [0x0000000780000000, 0x000000079ce00000, 0x00000007c0000000)
  eden space 156160K, 68% used [0x0000000780000000,0x00000007867ffd88,0x0000000789880000)
  from space 148992K, 0% used [0x0000000792f80000,0x0000000792f80000,0x000000079c100000)
  to   space 154624K, 0% used [0x0000000789880000,0x0000000789880000,0x0000000792f80000)
 ParOldGen       total 752640K, used 547214K [0x0000000700000000, 0x000000072df00000, 0x0000000780000000)
  object space 752640K, 72% used [0x0000000700000000,0x0000000721663a10,0x000000072df00000)
 Metaspace       used 2871K, capacity 4562K, committed 4864K, reserved 1056768K
  class space    used 310K, capacity 386K, committed 512K, reserved 1048576K
}
Event: 34.614 GC heap before
{Heap before GC invocations=15 (full 6):
 PSYoungGen      total 305152K, used 156160K [0x0000000780000000, 0x000000079ce00000, 0x00000007c0000000)
  eden space 156160K, 100% used [0x0000000780000000,0x0000000789880000,0x0000000789880000)
  from space 148992K, 0% used [0x0000000792f80000,0x0000000792f80000,0x000000079c100000)
  to   space 154624K, 0% used [0x0000000789880000,0x0000000789880000,0x0000000792f80000)
 ParOldGen       total 752640K, used 547214K [0x0000000700000000, 0x000000072df00000, 0x0000000780000000)
  object space 752640K, 72% used [0x0000000700000000,0x0000000721663a10,0x000000072df00000)
 Metaspace       used 2871K, capacity 4562K, committed 4864K, reserved 1056768K
  class space    used 310K, capacity 386K, committed 512K, reserved 1048576K
Event: 40.647 GC heap after
Heap after GC invocations=15 (full 6):
 PSYoungGen      total 310784K, used 147744K [0x0000000780000000, 0x00000007a2780000, 0x00000007c0000000)
  eden space 156160K, 0% used [0x0000000780000000,0x0000000780000000,0x0000000789880000)
  from space 154624K, 95% used [0x0000000789880000,0x00000007928c8000,0x0000000792f80000)
  to   space 176640K, 0% used [0x0000000797b00000,0x0000000797b00000,0x00000007a2780000)
 ParOldGen       total 752640K, used 555886K [0x0000000700000000, 0x000000072df00000, 0x0000000780000000)
  object space 752640K, 73% used [0x0000000700000000,0x0000000721edba10,0x000000072df00000)
 Metaspace       used 2871K, capacity 4562K, committed 4864K, reserved 1056768K
  class space    used 310K, capacity 386K, committed 512K, reserved 1048576K
}
Event: 48.352 GC heap before
{Heap before GC invocations=16 (full 6):
 PSYoungGen      total 310784K, used 289910K [0x0000000780000000, 0x00000007a2780000, 0x00000007c0000000)
  eden space 156160K, 91% used [0x0000000780000000,0x0000000788ad5840,0x0000000789880000)
  from space 154624K, 95% used [0x0000000789880000,0x00000007928c8000,0x0000000792f80000)
  to   space 176640K, 0% used [0x0000000797b00000,0x0000000797b00000,0x00000007a2780000)
 ParOldGen       total 752640K, used 555886K [0x0000000700000000, 0x000000072df00000, 0x0000000780000000)
  object space 752640K, 73% used [0x0000000700000000,0x0000000721edba10,0x000000072df00000)
 Metaspace       used 2871K, capacity 4562K, committed 4864K, reserved 1056768K
  class space    used 310K, capacity 386K, committed 512K, reserved 1048576K
Event: 66.545 GC heap after
Heap after GC invocations=16 (full 6):
 PSYoungGen      total 361984K, used 175969K [0x0000000780000000, 0x00000007a5800000, 0x00000007c0000000)
  eden space 185344K, 0% used [0x0000000780000000,0x0000000780000000,0x000000078b500000)
  from space 176640K, 99% used [0x0000000797b00000,0x00000007a26d8418,0x00000007a2780000)
  to   space 202752K, 0% used [0x000000078b500000,0x000000078b500000,0x0000000797b00000)
 ParOldGen       total 752640K, used 648510K [0x0000000700000000, 0x000000072df00000, 0x0000000780000000)
  object space 752640K, 86% used [0x0000000700000000,0x000000072794fa10,0x000000072df00000)
 Metaspace       used 2871K, capacity 4562K, committed 4864K, reserved 1056768K
  class space    used 310K, capacity 386K, committed 512K, reserved 1048576K
}
Event: 77.833 GC heap before
{Heap before GC invocations=17 (full 7):
 PSYoungGen      total 361984K, used 175969K [0x0000000780000000, 0x00000007a5800000, 0x00000007c0000000)
  eden space 185344K, 0% used [0x0000000780000000,0x0000000780000000,0x000000078b500000)
  from space 176640K, 99% used [0x0000000797b00000,0x00000007a26d8418,0x00000007a2780000)
  to   space 202752K, 0% used [0x000000078b500000,0x000000078b500000,0x0000000797b00000)
 ParOldGen       total 752640K, used 648510K [0x0000000700000000, 0x000000072df00000, 0x0000000780000000)
  object space 752640K, 86% used [0x0000000700000000,0x000000072794fa10,0x000000072df00000)
 Metaspace       used 2871K, capacity 4562K, committed 4864K, reserved 1056768K
  class space    used 310K, capacity 386K, committed 512K, reserved 1048576K

